<?xml version="1.0" encoding="UTF-8"?>
<!-- Generated by org.testng.reporters.JUnitXMLReporter -->
<testsuite ignored="0" hostname="DESKTOP-HV34TKK" failures="1" tests="1" name="ChromeTest" time="53.302" errors="0" timestamp="2020-12-03T21:30:52 IST">
  <testcase classname="com.qa.test.MobileSearchTest" name="getProductDetailsTest" time="36.995">
    <failure type="org.openqa.selenium.TimeoutException" message="Expected condition failed: waiting for invisibility of all elements [[[ChromeDriver: chrome on WINDOWS (1bd2d918eda6335cae610ddaa639edd0)] -&amp;gt; xpath: //*[@class=&amp;apos;_24_Dny&amp;apos;]], [[ChromeDriver: chrome on WINDOWS (1bd2d918eda6335cae610ddaa639edd0)] -&amp;gt; xpath: //*[@class=&amp;apos;_24_Dny&amp;apos;]], [[ChromeDriver: chrome on WINDOWS (1bd2d918eda6335cae610ddaa639edd0)] -&amp;gt; xpath: //*[@class=&amp;apos;_24_Dny&amp;apos;]], [[ChromeDriver: chrome on WINDOWS (1bd2d918eda6335cae610ddaa639edd0)] -&amp;gt; xpath: //*[@class=&amp;apos;_24_Dny&amp;apos;]], [[ChromeDriver: chrome on WINDOWS (1bd2d918eda6335cae610ddaa639edd0)] -&amp;gt; xpath: //*[@class=&amp;apos;_24_Dny&amp;apos;]], [[ChromeDriver: chrome on WINDOWS (1bd2d918eda6335cae610ddaa639edd0)] -&amp;gt; xpath: //*[@class=&amp;apos;_24_Dny&amp;apos;]], [[ChromeDriver: chrome on WINDOWS (1bd2d918eda6335cae610ddaa639edd0)] -&amp;gt; xpath: //*[@class=&amp;apos;_24_Dny&amp;apos;]], [[ChromeDriver: chrome on WINDOWS (1bd2d918eda6335cae610ddaa639edd0)] -&amp;gt; xpath: //*[@class=&amp;apos;_24_Dny&amp;apos;]], [[ChromeDriver: chrome on WINDOWS (1bd2d918eda6335cae610ddaa639edd0)] -&amp;gt; xpath: //*[@class=&amp;apos;_24_Dny&amp;apos;]], [[ChromeDriver: chrome on WINDOWS (1bd2d918eda6335cae610ddaa639edd0)] -&amp;gt; xpath: //*[@class=&amp;apos;_24_Dny&amp;apos;]], [[ChromeDriver: chrome on WINDOWS (1bd2d918eda6335cae610ddaa639edd0)] -&amp;gt; xpath: //*[@class=&amp;apos;_24_Dny&amp;apos;]], [[ChromeDriver: chrome on WINDOWS (1bd2d918eda6335cae610ddaa639edd0)] -&amp;gt; xpath: //*[@class=&amp;apos;_24_Dny&amp;apos;]], [[ChromeDriver: chrome on WINDOWS (1bd2d918eda6335cae610ddaa639edd0)] -&amp;gt; xpath: //*[@class=&amp;apos;_24_Dny&amp;apos;]], [[ChromeDriver: chrome on WINDOWS (1bd2d918eda6335cae610ddaa639edd0)] -&amp;gt; xpath: //*[@class=&amp;apos;_24_Dny&amp;apos;]], [[ChromeDriver: chrome on WINDOWS (1bd2d918eda6335cae610ddaa639edd0)] -&amp;gt; xpath: //*[@class=&amp;apos;_24_Dny&amp;apos;]], [[ChromeDriver: chrome on WINDOWS (1bd2d918eda6335cae610ddaa639edd0)] -&amp;gt; xpath: //*[@class=&amp;apos;_24_Dny&amp;apos;]], [[ChromeDriver: chrome on WINDOWS (1bd2d918eda6335cae610ddaa639edd0)] -&amp;gt; xpath: //*[@class=&amp;apos;_24_Dny&amp;apos;]], [[ChromeDriver: chrome on WINDOWS (1bd2d918eda6335cae610ddaa639edd0)] -&amp;gt; xpath: //*[@class=&amp;apos;_24_Dny&amp;apos;]], [[ChromeDriver: chrome on WINDOWS (1bd2d918eda6335cae610ddaa639edd0)] -&amp;gt; xpath: //*[@class=&amp;apos;_24_Dny&amp;apos;]], [[ChromeDriver: chrome on WINDOWS (1bd2d918eda6335cae610ddaa639edd0)] -&amp;gt; xpath: //*[@class=&amp;apos;_24_Dny&amp;apos;]], [[ChromeDriver: chrome on WINDOWS (1bd2d918eda6335cae610ddaa639edd0)] -&amp;gt; xpath: //*[@class=&amp;apos;_24_Dny&amp;apos;]], [[ChromeDriver: chrome on WINDOWS (1bd2d918eda6335cae610ddaa639edd0)] -&amp;gt; xpath: //*[@class=&amp;apos;_24_Dny&amp;apos;]], [[ChromeDriver: chrome on WINDOWS (1bd2d918eda6335cae610ddaa639edd0)] -&amp;gt; xpath: //*[@class=&amp;apos;_24_Dny&amp;apos;]], [[ChromeDriver: chrome on WINDOWS (1bd2d918eda6335cae610ddaa639edd0)] -&amp;gt; xpath: //*[@class=&amp;apos;_24_Dny&amp;apos;]], [[ChromeDriver: chrome on WINDOWS (1bd2d918eda6335cae610ddaa639edd0)] -&amp;gt; xpath: //*[@class=&amp;apos;_24_Dny&amp;apos;]], [[ChromeDriver: chrome on WINDOWS (1bd2d918eda6335cae610ddaa639edd0)] -&amp;gt; xpath: //*[@class=&amp;apos;_24_Dny&amp;apos;]], [[ChromeDriver: chrome on WINDOWS (1bd2d918eda6335cae610ddaa639edd0)] -&amp;gt; xpath: //*[@class=&amp;apos;_24_Dny&amp;apos;]], [[ChromeDriver: chrome on WINDOWS (1bd2d918eda6335cae610ddaa639edd0)] -&amp;gt; xpath: //*[@class=&amp;apos;_24_Dny&amp;apos;]], [[ChromeDriver: chrome on WINDOWS (1bd2d918eda6335cae610ddaa639edd0)] -&amp;gt; xpath: //*[@class=&amp;apos;_24_Dny&amp;apos;]], [[ChromeDriver: chrome on WINDOWS (1bd2d918eda6335cae610ddaa639edd0)] -&amp;gt; xpath: //*[@class=&amp;apos;_24_Dny&amp;apos;]], [[ChromeDriver: chrome on WINDOWS (1bd2d918eda6335cae610ddaa639edd0)] -&amp;gt; xpath: //*[@class=&amp;apos;_24_Dny&amp;apos;]], [[ChromeDriver: chrome on WINDOWS (1bd2d918eda6335cae610ddaa639edd0)] -&amp;gt; xpath: //*[@class=&amp;apos;_24_Dny&amp;apos;]], [[ChromeDriver: chrome on WINDOWS (1bd2d918eda6335cae610ddaa639edd0)] -&amp;gt; xpath: //*[@class=&amp;apos;_24_Dny&amp;apos;]], [[ChromeDriver: chrome on WINDOWS (1bd2d918eda6335cae610ddaa639edd0)] -&amp;gt; xpath: //*[@class=&amp;apos;_24_Dny&amp;apos;]], [[ChromeDriver: chrome on WINDOWS (1bd2d918eda6335cae610ddaa639edd0)] -&amp;gt; xpath: //*[@class=&amp;apos;_24_Dny&amp;apos;]], [[ChromeDriver: chrome on WINDOWS (1bd2d918eda6335cae610ddaa639edd0)] -&amp;gt; xpath: //*[@class=&amp;apos;_24_Dny&amp;apos;]], [[ChromeDriver: chrome on WINDOWS (1bd2d918eda6335cae610ddaa639edd0)] -&amp;gt; xpath: //*[@class=&amp;apos;_24_Dny&amp;apos;]], [[ChromeDriver: chrome on WINDOWS (1bd2d918eda6335cae610ddaa639edd0)] -&amp;gt; xpath: //*[@class=&amp;apos;_24_Dny&amp;apos;]], [[ChromeDriver: chrome on WINDOWS (1bd2d918eda6335cae610ddaa639edd0)] -&amp;gt; xpath: //*[@class=&amp;apos;_24_Dny&amp;apos;]], [[ChromeDriver: chrome on WINDOWS (1bd2d918eda6335cae610ddaa639edd0)] -&amp;gt; xpath: //*[@class=&amp;apos;_24_Dny&amp;apos;]], [[ChromeDriver: chrome on WINDOWS (1bd2d918eda6335cae610ddaa639edd0)] -&amp;gt; xpath: //*[@class=&amp;apos;_24_Dny&amp;apos;]], [[ChromeDriver: chrome on WINDOWS (1bd2d918eda6335cae610ddaa639edd0)] -&amp;gt; xpath: //*[@class=&amp;apos;_24_Dny&amp;apos;]], [[ChromeDriver: chrome on WINDOWS (1bd2d918eda6335cae610ddaa639edd0)] -&amp;gt; xpath: //*[@class=&amp;apos;_24_Dny&amp;apos;]], [[ChromeDriver: chrome on WINDOWS (1bd2d918eda6335cae610ddaa639edd0)] -&amp;gt; xpath: //*[@class=&amp;apos;_24_Dny&amp;apos;]], [[ChromeDriver: chrome on WINDOWS (1bd2d918eda6335cae610ddaa639edd0)] -&amp;gt; xpath: //*[@class=&amp;apos;_24_Dny&amp;apos;]]] (tried for 30 second(s) with 500 milliseconds interval)
Build info: version: &amp;apos;4.0.0-alpha-6&amp;apos;, revision: &amp;apos;5f43a29cfc&amp;apos;
System info: host: &amp;apos;DESKTOP-HV34TKK&amp;apos;, ip: &amp;apos;192.168.159.154&amp;apos;, os.name: &amp;apos;Windows 10&amp;apos;, os.arch: &amp;apos;amd64&amp;apos;, os.version: &amp;apos;10.0&amp;apos;, java.version: &amp;apos;13.0.2&amp;apos;
Driver info: org.openqa.selenium.chrome.ChromeDriver
Capabilities {acceptInsecureCerts: false, browserName: chrome, browserVersion: 87.0.4280.88, chrome: {chromedriverVersion: 86.0.4240.22 (398b0743353ff..., userDataDir: C:\Users\91810\AppData\Loca...}, goog:chromeOptions: {debuggerAddress: localhost:50673}, javascriptEnabled: true, networkConnectionEnabled: false, pageLoadStrategy: normal, platform: WINDOWS, platformName: WINDOWS, proxy: Proxy(), setWindowRect: true, strictFileInteractability: false, timeouts: {implicit: 0, pageLoad: 300000, script: 30000}, unhandledPromptBehavior: dismiss and notify, webauthn:virtualAuthenticators: true}
Session ID: 1bd2d918eda6335cae610ddaa639edd0">
      <![CDATA[org.openqa.selenium.TimeoutException: Expected condition failed: waiting for invisibility of all elements [[[ChromeDriver: chrome on WINDOWS (1bd2d918eda6335cae610ddaa639edd0)] -> xpath: //*[@class='_24_Dny']], [[ChromeDriver: chrome on WINDOWS (1bd2d918eda6335cae610ddaa639edd0)] -> xpath: //*[@class='_24_Dny']], [[ChromeDriver: chrome on WINDOWS (1bd2d918eda6335cae610ddaa639edd0)] -> xpath: //*[@class='_24_Dny']], [[ChromeDriver: chrome on WINDOWS (1bd2d918eda6335cae610ddaa639edd0)] -> xpath: //*[@class='_24_Dny']], [[ChromeDriver: chrome on WINDOWS (1bd2d918eda6335cae610ddaa639edd0)] -> xpath: //*[@class='_24_Dny']], [[ChromeDriver: chrome on WINDOWS (1bd2d918eda6335cae610ddaa639edd0)] -> xpath: //*[@class='_24_Dny']], [[ChromeDriver: chrome on WINDOWS (1bd2d918eda6335cae610ddaa639edd0)] -> xpath: //*[@class='_24_Dny']], [[ChromeDriver: chrome on WINDOWS (1bd2d918eda6335cae610ddaa639edd0)] -> xpath: //*[@class='_24_Dny']], [[ChromeDriver: chrome on WINDOWS (1bd2d918eda6335cae610ddaa639edd0)] -> xpath: //*[@class='_24_Dny']], [[ChromeDriver: chrome on WINDOWS (1bd2d918eda6335cae610ddaa639edd0)] -> xpath: //*[@class='_24_Dny']], [[ChromeDriver: chrome on WINDOWS (1bd2d918eda6335cae610ddaa639edd0)] -> xpath: //*[@class='_24_Dny']], [[ChromeDriver: chrome on WINDOWS (1bd2d918eda6335cae610ddaa639edd0)] -> xpath: //*[@class='_24_Dny']], [[ChromeDriver: chrome on WINDOWS (1bd2d918eda6335cae610ddaa639edd0)] -> xpath: //*[@class='_24_Dny']], [[ChromeDriver: chrome on WINDOWS (1bd2d918eda6335cae610ddaa639edd0)] -> xpath: //*[@class='_24_Dny']], [[ChromeDriver: chrome on WINDOWS (1bd2d918eda6335cae610ddaa639edd0)] -> xpath: //*[@class='_24_Dny']], [[ChromeDriver: chrome on WINDOWS (1bd2d918eda6335cae610ddaa639edd0)] -> xpath: //*[@class='_24_Dny']], [[ChromeDriver: chrome on WINDOWS (1bd2d918eda6335cae610ddaa639edd0)] -> xpath: //*[@class='_24_Dny']], [[ChromeDriver: chrome on WINDOWS (1bd2d918eda6335cae610ddaa639edd0)] -> xpath: //*[@class='_24_Dny']], [[ChromeDriver: chrome on WINDOWS (1bd2d918eda6335cae610ddaa639edd0)] -> xpath: //*[@class='_24_Dny']], [[ChromeDriver: chrome on WINDOWS (1bd2d918eda6335cae610ddaa639edd0)] -> xpath: //*[@class='_24_Dny']], [[ChromeDriver: chrome on WINDOWS (1bd2d918eda6335cae610ddaa639edd0)] -> xpath: //*[@class='_24_Dny']], [[ChromeDriver: chrome on WINDOWS (1bd2d918eda6335cae610ddaa639edd0)] -> xpath: //*[@class='_24_Dny']], [[ChromeDriver: chrome on WINDOWS (1bd2d918eda6335cae610ddaa639edd0)] -> xpath: //*[@class='_24_Dny']], [[ChromeDriver: chrome on WINDOWS (1bd2d918eda6335cae610ddaa639edd0)] -> xpath: //*[@class='_24_Dny']], [[ChromeDriver: chrome on WINDOWS (1bd2d918eda6335cae610ddaa639edd0)] -> xpath: //*[@class='_24_Dny']], [[ChromeDriver: chrome on WINDOWS (1bd2d918eda6335cae610ddaa639edd0)] -> xpath: //*[@class='_24_Dny']], [[ChromeDriver: chrome on WINDOWS (1bd2d918eda6335cae610ddaa639edd0)] -> xpath: //*[@class='_24_Dny']], [[ChromeDriver: chrome on WINDOWS (1bd2d918eda6335cae610ddaa639edd0)] -> xpath: //*[@class='_24_Dny']], [[ChromeDriver: chrome on WINDOWS (1bd2d918eda6335cae610ddaa639edd0)] -> xpath: //*[@class='_24_Dny']], [[ChromeDriver: chrome on WINDOWS (1bd2d918eda6335cae610ddaa639edd0)] -> xpath: //*[@class='_24_Dny']], [[ChromeDriver: chrome on WINDOWS (1bd2d918eda6335cae610ddaa639edd0)] -> xpath: //*[@class='_24_Dny']], [[ChromeDriver: chrome on WINDOWS (1bd2d918eda6335cae610ddaa639edd0)] -> xpath: //*[@class='_24_Dny']], [[ChromeDriver: chrome on WINDOWS (1bd2d918eda6335cae610ddaa639edd0)] -> xpath: //*[@class='_24_Dny']], [[ChromeDriver: chrome on WINDOWS (1bd2d918eda6335cae610ddaa639edd0)] -> xpath: //*[@class='_24_Dny']], [[ChromeDriver: chrome on WINDOWS (1bd2d918eda6335cae610ddaa639edd0)] -> xpath: //*[@class='_24_Dny']], [[ChromeDriver: chrome on WINDOWS (1bd2d918eda6335cae610ddaa639edd0)] -> xpath: //*[@class='_24_Dny']], [[ChromeDriver: chrome on WINDOWS (1bd2d918eda6335cae610ddaa639edd0)] -> xpath: //*[@class='_24_Dny']], [[ChromeDriver: chrome on WINDOWS (1bd2d918eda6335cae610ddaa639edd0)] -> xpath: //*[@class='_24_Dny']], [[ChromeDriver: chrome on WINDOWS (1bd2d918eda6335cae610ddaa639edd0)] -> xpath: //*[@class='_24_Dny']], [[ChromeDriver: chrome on WINDOWS (1bd2d918eda6335cae610ddaa639edd0)] -> xpath: //*[@class='_24_Dny']], [[ChromeDriver: chrome on WINDOWS (1bd2d918eda6335cae610ddaa639edd0)] -> xpath: //*[@class='_24_Dny']], [[ChromeDriver: chrome on WINDOWS (1bd2d918eda6335cae610ddaa639edd0)] -> xpath: //*[@class='_24_Dny']], [[ChromeDriver: chrome on WINDOWS (1bd2d918eda6335cae610ddaa639edd0)] -> xpath: //*[@class='_24_Dny']], [[ChromeDriver: chrome on WINDOWS (1bd2d918eda6335cae610ddaa639edd0)] -> xpath: //*[@class='_24_Dny']], [[ChromeDriver: chrome on WINDOWS (1bd2d918eda6335cae610ddaa639edd0)] -> xpath: //*[@class='_24_Dny']]] (tried for 30 second(s) with 500 milliseconds interval)
Build info: version: '4.0.0-alpha-6', revision: '5f43a29cfc'
System info: host: 'DESKTOP-HV34TKK', ip: '192.168.159.154', os.name: 'Windows 10', os.arch: 'amd64', os.version: '10.0', java.version: '13.0.2'
Driver info: org.openqa.selenium.chrome.ChromeDriver
Capabilities {acceptInsecureCerts: false, browserName: chrome, browserVersion: 87.0.4280.88, chrome: {chromedriverVersion: 86.0.4240.22 (398b0743353ff..., userDataDir: C:\Users\91810\AppData\Loca...}, goog:chromeOptions: {debuggerAddress: localhost:50673}, javascriptEnabled: true, networkConnectionEnabled: false, pageLoadStrategy: normal, platform: WINDOWS, platformName: WINDOWS, proxy: Proxy(), setWindowRect: true, strictFileInteractability: false, timeouts: {implicit: 0, pageLoad: 300000, script: 30000}, unhandledPromptBehavior: dismiss and notify, webauthn:virtualAuthenticators: true}
Session ID: 1bd2d918eda6335cae610ddaa639edd0
at org.openqa.selenium.support.ui.WebDriverWait.timeoutException(WebDriverWait.java:138)
at org.openqa.selenium.support.ui.FluentWait.lambda$checkConditionInLoop$2(FluentWait.java:255)
at java.base/java.util.concurrent.CompletableFuture$AsyncSupply.run(CompletableFuture.java:1771)
at java.base/java.util.concurrent.CompletableFuture$AsyncSupply.exec(CompletableFuture.java:1763)
at java.base/java.util.concurrent.ForkJoinTask.doExec(ForkJoinTask.java:290)
at java.base/java.util.concurrent.ForkJoinPool$WorkQueue.topLevelExec(ForkJoinPool.java:1016)
at java.base/java.util.concurrent.ForkJoinPool.scan(ForkJoinPool.java:1665)
at java.base/java.util.concurrent.ForkJoinPool.runWorker(ForkJoinPool.java:1598)
at java.base/java.util.concurrent.ForkJoinWorkerThread.run(ForkJoinWorkerThread.java:177)
]]>
    </failure>
  </testcase> <!-- getProductDetailsTest -->
</testsuite> <!-- ChromeTest -->
