<?xml version="1.0" encoding="UTF-8"?>
<testng-results ignored="0" total="1" passed="0" failed="1" skipped="0">
  <reporter-output>
  </reporter-output>
  <suite started-at="2020-12-03T21:29:58 IST" name="Suite" finished-at="2020-12-03T21:30:52 IST" duration-ms="53302">
    <groups>
    </groups>
    <test started-at="2020-12-03T21:29:58 IST" name="ChromeTest" finished-at="2020-12-03T21:30:52 IST" duration-ms="53302">
      <class name="com.qa.test.MobileSearchTest">
        <test-method is-config="true" signature="setUp(java.lang.String)[pri:0, instance:com.qa.test.MobileSearchTest@49d904ec]" started-at="2020-12-03T21:29:58 IST" name="setUp" finished-at="2020-12-03T21:30:14 IST" duration-ms="16036" status="PASS">
          <params>
            <param index="0">
              <value>
                <![CDATA[Chrome]]>
              </value>
            </param>
          </params>
          <reporter-output>
          </reporter-output>
        </test-method> <!-- setUp -->
        <test-method signature="getProductDetailsTest()[pri:0, instance:com.qa.test.MobileSearchTest@49d904ec]" started-at="2020-12-03T21:30:15 IST" name="getProductDetailsTest" finished-at="2020-12-03T21:30:52 IST" duration-ms="36995" status="FAIL">
          <exception class="org.openqa.selenium.TimeoutException">
            <message>
              <![CDATA[Expected condition failed: waiting for invisibility of all elements [[[ChromeDriver: chrome on WINDOWS (1bd2d918eda6335cae610ddaa639edd0)] -> xpath: //*[@class='_24_Dny']], [[ChromeDriver: chrome on WINDOWS (1bd2d918eda6335cae610ddaa639edd0)] -> xpath: //*[@class='_24_Dny']], [[ChromeDriver: chrome on WINDOWS (1bd2d918eda6335cae610ddaa639edd0)] -> xpath: //*[@class='_24_Dny']], [[ChromeDriver: chrome on WINDOWS (1bd2d918eda6335cae610ddaa639edd0)] -> xpath: //*[@class='_24_Dny']], [[ChromeDriver: chrome on WINDOWS (1bd2d918eda6335cae610ddaa639edd0)] -> xpath: //*[@class='_24_Dny']], [[ChromeDriver: chrome on WINDOWS (1bd2d918eda6335cae610ddaa639edd0)] -> xpath: //*[@class='_24_Dny']], [[ChromeDriver: chrome on WINDOWS (1bd2d918eda6335cae610ddaa639edd0)] -> xpath: //*[@class='_24_Dny']], [[ChromeDriver: chrome on WINDOWS (1bd2d918eda6335cae610ddaa639edd0)] -> xpath: //*[@class='_24_Dny']], [[ChromeDriver: chrome on WINDOWS (1bd2d918eda6335cae610ddaa639edd0)] -> xpath: //*[@class='_24_Dny']], [[ChromeDriver: chrome on WINDOWS (1bd2d918eda6335cae610ddaa639edd0)] -> xpath: //*[@class='_24_Dny']], [[ChromeDriver: chrome on WINDOWS (1bd2d918eda6335cae610ddaa639edd0)] -> xpath: //*[@class='_24_Dny']], [[ChromeDriver: chrome on WINDOWS (1bd2d918eda6335cae610ddaa639edd0)] -> xpath: //*[@class='_24_Dny']], [[ChromeDriver: chrome on WINDOWS (1bd2d918eda6335cae610ddaa639edd0)] -> xpath: //*[@class='_24_Dny']], [[ChromeDriver: chrome on WINDOWS (1bd2d918eda6335cae610ddaa639edd0)] -> xpath: //*[@class='_24_Dny']], [[ChromeDriver: chrome on WINDOWS (1bd2d918eda6335cae610ddaa639edd0)] -> xpath: //*[@class='_24_Dny']], [[ChromeDriver: chrome on WINDOWS (1bd2d918eda6335cae610ddaa639edd0)] -> xpath: //*[@class='_24_Dny']], [[ChromeDriver: chrome on WINDOWS (1bd2d918eda6335cae610ddaa639edd0)] -> xpath: //*[@class='_24_Dny']], [[ChromeDriver: chrome on WINDOWS (1bd2d918eda6335cae610ddaa639edd0)] -> xpath: //*[@class='_24_Dny']], [[ChromeDriver: chrome on WINDOWS (1bd2d918eda6335cae610ddaa639edd0)] -> xpath: //*[@class='_24_Dny']], [[ChromeDriver: chrome on WINDOWS (1bd2d918eda6335cae610ddaa639edd0)] -> xpath: //*[@class='_24_Dny']], [[ChromeDriver: chrome on WINDOWS (1bd2d918eda6335cae610ddaa639edd0)] -> xpath: //*[@class='_24_Dny']], [[ChromeDriver: chrome on WINDOWS (1bd2d918eda6335cae610ddaa639edd0)] -> xpath: //*[@class='_24_Dny']], [[ChromeDriver: chrome on WINDOWS (1bd2d918eda6335cae610ddaa639edd0)] -> xpath: //*[@class='_24_Dny']], [[ChromeDriver: chrome on WINDOWS (1bd2d918eda6335cae610ddaa639edd0)] -> xpath: //*[@class='_24_Dny']], [[ChromeDriver: chrome on WINDOWS (1bd2d918eda6335cae610ddaa639edd0)] -> xpath: //*[@class='_24_Dny']], [[ChromeDriver: chrome on WINDOWS (1bd2d918eda6335cae610ddaa639edd0)] -> xpath: //*[@class='_24_Dny']], [[ChromeDriver: chrome on WINDOWS (1bd2d918eda6335cae610ddaa639edd0)] -> xpath: //*[@class='_24_Dny']], [[ChromeDriver: chrome on WINDOWS (1bd2d918eda6335cae610ddaa639edd0)] -> xpath: //*[@class='_24_Dny']], [[ChromeDriver: chrome on WINDOWS (1bd2d918eda6335cae610ddaa639edd0)] -> xpath: //*[@class='_24_Dny']], [[ChromeDriver: chrome on WINDOWS (1bd2d918eda6335cae610ddaa639edd0)] -> xpath: //*[@class='_24_Dny']], [[ChromeDriver: chrome on WINDOWS (1bd2d918eda6335cae610ddaa639edd0)] -> xpath: //*[@class='_24_Dny']], [[ChromeDriver: chrome on WINDOWS (1bd2d918eda6335cae610ddaa639edd0)] -> xpath: //*[@class='_24_Dny']], [[ChromeDriver: chrome on WINDOWS (1bd2d918eda6335cae610ddaa639edd0)] -> xpath: //*[@class='_24_Dny']], [[ChromeDriver: chrome on WINDOWS (1bd2d918eda6335cae610ddaa639edd0)] -> xpath: //*[@class='_24_Dny']], [[ChromeDriver: chrome on WINDOWS (1bd2d918eda6335cae610ddaa639edd0)] -> xpath: //*[@class='_24_Dny']], [[ChromeDriver: chrome on WINDOWS (1bd2d918eda6335cae610ddaa639edd0)] -> xpath: //*[@class='_24_Dny']], [[ChromeDriver: chrome on WINDOWS (1bd2d918eda6335cae610ddaa639edd0)] -> xpath: //*[@class='_24_Dny']], [[ChromeDriver: chrome on WINDOWS (1bd2d918eda6335cae610ddaa639edd0)] -> xpath: //*[@class='_24_Dny']], [[ChromeDriver: chrome on WINDOWS (1bd2d918eda6335cae610ddaa639edd0)] -> xpath: //*[@class='_24_Dny']], [[ChromeDriver: chrome on WINDOWS (1bd2d918eda6335cae610ddaa639edd0)] -> xpath: //*[@class='_24_Dny']], [[ChromeDriver: chrome on WINDOWS (1bd2d918eda6335cae610ddaa639edd0)] -> xpath: //*[@class='_24_Dny']], [[ChromeDriver: chrome on WINDOWS (1bd2d918eda6335cae610ddaa639edd0)] -> xpath: //*[@class='_24_Dny']], [[ChromeDriver: chrome on WINDOWS (1bd2d918eda6335cae610ddaa639edd0)] -> xpath: //*[@class='_24_Dny']], [[ChromeDriver: chrome on WINDOWS (1bd2d918eda6335cae610ddaa639edd0)] -> xpath: //*[@class='_24_Dny']], [[ChromeDriver: chrome on WINDOWS (1bd2d918eda6335cae610ddaa639edd0)] -> xpath: //*[@class='_24_Dny']]] (tried for 30 second(s) with 500 milliseconds interval)
Build info: version: '4.0.0-alpha-6', revision: '5f43a29cfc'
System info: host: 'DESKTOP-HV34TKK', ip: '192.168.159.154', os.name: 'Windows 10', os.arch: 'amd64', os.version: '10.0', java.version: '13.0.2'
Driver info: org.openqa.selenium.chrome.ChromeDriver
Capabilities {acceptInsecureCerts: false, browserName: chrome, browserVersion: 87.0.4280.88, chrome: {chromedriverVersion: 86.0.4240.22 (398b0743353ff..., userDataDir: C:\Users\91810\AppData\Loca...}, goog:chromeOptions: {debuggerAddress: localhost:50673}, javascriptEnabled: true, networkConnectionEnabled: false, pageLoadStrategy: normal, platform: WINDOWS, platformName: WINDOWS, proxy: Proxy(), setWindowRect: true, strictFileInteractability: false, timeouts: {implicit: 0, pageLoad: 300000, script: 30000}, unhandledPromptBehavior: dismiss and notify, webauthn:virtualAuthenticators: true}
Session ID: 1bd2d918eda6335cae610ddaa639edd0]]>
            </message>
            <full-stacktrace>
              <![CDATA[org.openqa.selenium.TimeoutException: Expected condition failed: waiting for invisibility of all elements [[[ChromeDriver: chrome on WINDOWS (1bd2d918eda6335cae610ddaa639edd0)] -> xpath: //*[@class='_24_Dny']], [[ChromeDriver: chrome on WINDOWS (1bd2d918eda6335cae610ddaa639edd0)] -> xpath: //*[@class='_24_Dny']], [[ChromeDriver: chrome on WINDOWS (1bd2d918eda6335cae610ddaa639edd0)] -> xpath: //*[@class='_24_Dny']], [[ChromeDriver: chrome on WINDOWS (1bd2d918eda6335cae610ddaa639edd0)] -> xpath: //*[@class='_24_Dny']], [[ChromeDriver: chrome on WINDOWS (1bd2d918eda6335cae610ddaa639edd0)] -> xpath: //*[@class='_24_Dny']], [[ChromeDriver: chrome on WINDOWS (1bd2d918eda6335cae610ddaa639edd0)] -> xpath: //*[@class='_24_Dny']], [[ChromeDriver: chrome on WINDOWS (1bd2d918eda6335cae610ddaa639edd0)] -> xpath: //*[@class='_24_Dny']], [[ChromeDriver: chrome on WINDOWS (1bd2d918eda6335cae610ddaa639edd0)] -> xpath: //*[@class='_24_Dny']], [[ChromeDriver: chrome on WINDOWS (1bd2d918eda6335cae610ddaa639edd0)] -> xpath: //*[@class='_24_Dny']], [[ChromeDriver: chrome on WINDOWS (1bd2d918eda6335cae610ddaa639edd0)] -> xpath: //*[@class='_24_Dny']], [[ChromeDriver: chrome on WINDOWS (1bd2d918eda6335cae610ddaa639edd0)] -> xpath: //*[@class='_24_Dny']], [[ChromeDriver: chrome on WINDOWS (1bd2d918eda6335cae610ddaa639edd0)] -> xpath: //*[@class='_24_Dny']], [[ChromeDriver: chrome on WINDOWS (1bd2d918eda6335cae610ddaa639edd0)] -> xpath: //*[@class='_24_Dny']], [[ChromeDriver: chrome on WINDOWS (1bd2d918eda6335cae610ddaa639edd0)] -> xpath: //*[@class='_24_Dny']], [[ChromeDriver: chrome on WINDOWS (1bd2d918eda6335cae610ddaa639edd0)] -> xpath: //*[@class='_24_Dny']], [[ChromeDriver: chrome on WINDOWS (1bd2d918eda6335cae610ddaa639edd0)] -> xpath: //*[@class='_24_Dny']], [[ChromeDriver: chrome on WINDOWS (1bd2d918eda6335cae610ddaa639edd0)] -> xpath: //*[@class='_24_Dny']], [[ChromeDriver: chrome on WINDOWS (1bd2d918eda6335cae610ddaa639edd0)] -> xpath: //*[@class='_24_Dny']], [[ChromeDriver: chrome on WINDOWS (1bd2d918eda6335cae610ddaa639edd0)] -> xpath: //*[@class='_24_Dny']], [[ChromeDriver: chrome on WINDOWS (1bd2d918eda6335cae610ddaa639edd0)] -> xpath: //*[@class='_24_Dny']], [[ChromeDriver: chrome on WINDOWS (1bd2d918eda6335cae610ddaa639edd0)] -> xpath: //*[@class='_24_Dny']], [[ChromeDriver: chrome on WINDOWS (1bd2d918eda6335cae610ddaa639edd0)] -> xpath: //*[@class='_24_Dny']], [[ChromeDriver: chrome on WINDOWS (1bd2d918eda6335cae610ddaa639edd0)] -> xpath: //*[@class='_24_Dny']], [[ChromeDriver: chrome on WINDOWS (1bd2d918eda6335cae610ddaa639edd0)] -> xpath: //*[@class='_24_Dny']], [[ChromeDriver: chrome on WINDOWS (1bd2d918eda6335cae610ddaa639edd0)] -> xpath: //*[@class='_24_Dny']], [[ChromeDriver: chrome on WINDOWS (1bd2d918eda6335cae610ddaa639edd0)] -> xpath: //*[@class='_24_Dny']], [[ChromeDriver: chrome on WINDOWS (1bd2d918eda6335cae610ddaa639edd0)] -> xpath: //*[@class='_24_Dny']], [[ChromeDriver: chrome on WINDOWS (1bd2d918eda6335cae610ddaa639edd0)] -> xpath: //*[@class='_24_Dny']], [[ChromeDriver: chrome on WINDOWS (1bd2d918eda6335cae610ddaa639edd0)] -> xpath: //*[@class='_24_Dny']], [[ChromeDriver: chrome on WINDOWS (1bd2d918eda6335cae610ddaa639edd0)] -> xpath: //*[@class='_24_Dny']], [[ChromeDriver: chrome on WINDOWS (1bd2d918eda6335cae610ddaa639edd0)] -> xpath: //*[@class='_24_Dny']], [[ChromeDriver: chrome on WINDOWS (1bd2d918eda6335cae610ddaa639edd0)] -> xpath: //*[@class='_24_Dny']], [[ChromeDriver: chrome on WINDOWS (1bd2d918eda6335cae610ddaa639edd0)] -> xpath: //*[@class='_24_Dny']], [[ChromeDriver: chrome on WINDOWS (1bd2d918eda6335cae610ddaa639edd0)] -> xpath: //*[@class='_24_Dny']], [[ChromeDriver: chrome on WINDOWS (1bd2d918eda6335cae610ddaa639edd0)] -> xpath: //*[@class='_24_Dny']], [[ChromeDriver: chrome on WINDOWS (1bd2d918eda6335cae610ddaa639edd0)] -> xpath: //*[@class='_24_Dny']], [[ChromeDriver: chrome on WINDOWS (1bd2d918eda6335cae610ddaa639edd0)] -> xpath: //*[@class='_24_Dny']], [[ChromeDriver: chrome on WINDOWS (1bd2d918eda6335cae610ddaa639edd0)] -> xpath: //*[@class='_24_Dny']], [[ChromeDriver: chrome on WINDOWS (1bd2d918eda6335cae610ddaa639edd0)] -> xpath: //*[@class='_24_Dny']], [[ChromeDriver: chrome on WINDOWS (1bd2d918eda6335cae610ddaa639edd0)] -> xpath: //*[@class='_24_Dny']], [[ChromeDriver: chrome on WINDOWS (1bd2d918eda6335cae610ddaa639edd0)] -> xpath: //*[@class='_24_Dny']], [[ChromeDriver: chrome on WINDOWS (1bd2d918eda6335cae610ddaa639edd0)] -> xpath: //*[@class='_24_Dny']], [[ChromeDriver: chrome on WINDOWS (1bd2d918eda6335cae610ddaa639edd0)] -> xpath: //*[@class='_24_Dny']], [[ChromeDriver: chrome on WINDOWS (1bd2d918eda6335cae610ddaa639edd0)] -> xpath: //*[@class='_24_Dny']], [[ChromeDriver: chrome on WINDOWS (1bd2d918eda6335cae610ddaa639edd0)] -> xpath: //*[@class='_24_Dny']]] (tried for 30 second(s) with 500 milliseconds interval)
Build info: version: '4.0.0-alpha-6', revision: '5f43a29cfc'
System info: host: 'DESKTOP-HV34TKK', ip: '192.168.159.154', os.name: 'Windows 10', os.arch: 'amd64', os.version: '10.0', java.version: '13.0.2'
Driver info: org.openqa.selenium.chrome.ChromeDriver
Capabilities {acceptInsecureCerts: false, browserName: chrome, browserVersion: 87.0.4280.88, chrome: {chromedriverVersion: 86.0.4240.22 (398b0743353ff..., userDataDir: C:\Users\91810\AppData\Loca...}, goog:chromeOptions: {debuggerAddress: localhost:50673}, javascriptEnabled: true, networkConnectionEnabled: false, pageLoadStrategy: normal, platform: WINDOWS, platformName: WINDOWS, proxy: Proxy(), setWindowRect: true, strictFileInteractability: false, timeouts: {implicit: 0, pageLoad: 300000, script: 30000}, unhandledPromptBehavior: dismiss and notify, webauthn:virtualAuthenticators: true}
Session ID: 1bd2d918eda6335cae610ddaa639edd0
at org.openqa.selenium.support.ui.WebDriverWait.timeoutException(WebDriverWait.java:138)
at org.openqa.selenium.support.ui.FluentWait.lambda$checkConditionInLoop$2(FluentWait.java:255)
at java.base/java.util.concurrent.CompletableFuture$AsyncSupply.run(CompletableFuture.java:1771)
at java.base/java.util.concurrent.CompletableFuture$AsyncSupply.exec(CompletableFuture.java:1763)
at java.base/java.util.concurrent.ForkJoinTask.doExec(ForkJoinTask.java:290)
at java.base/java.util.concurrent.ForkJoinPool$WorkQueue.topLevelExec(ForkJoinPool.java:1016)
at java.base/java.util.concurrent.ForkJoinPool.scan(ForkJoinPool.java:1665)
at java.base/java.util.concurrent.ForkJoinPool.runWorker(ForkJoinPool.java:1598)
at java.base/java.util.concurrent.ForkJoinWorkerThread.run(ForkJoinWorkerThread.java:177)
]]>
            </full-stacktrace>
          </exception> <!-- org.openqa.selenium.TimeoutException -->
          <reporter-output>
          </reporter-output>
        </test-method> <!-- getProductDetailsTest -->
        <test-method is-config="true" signature="tearDown()[pri:0, instance:com.qa.test.MobileSearchTest@49d904ec]" started-at="2020-12-03T21:30:52 IST" name="tearDown" finished-at="2020-12-03T21:30:52 IST" duration-ms="1" status="PASS">
          <reporter-output>
          </reporter-output>
        </test-method> <!-- tearDown -->
      </class> <!-- com.qa.test.MobileSearchTest -->
    </test> <!-- ChromeTest -->
  </suite> <!-- Suite -->
</testng-results>
